ERROR SSH2StreamTX_session_0 com.mxterminal.ssh2.ConnectionSSH2 - ch. # 0 not present
ERROR SSH2StreamTX_session_0 com.mxterminal.ssh2.ConnectionSSH2 - ch. # 0 not present
ERROR SSH2StreamTX_session_0 com.mxterminal.ssh2.ConnectionSSH2 - ch. # 0 not present
ERROR main com.ds.swt.MainShell - com.mxterminal.swt.view.ViewComposite incompatible with com.mxterminal.swt.view.ProcedureViewComposite
java.lang.ClassCastException: com.mxterminal.swt.view.ViewComposite incompatible with com.mxterminal.swt.view.ProcedureViewComposite
	at com.mxterminal.swt.TerminalFace$7.handleEvent(TerminalFace.java:370)
	at org.eclipse.swt.widgets.EventTable.sendEvent(EventTable.java:84)
	at org.eclipse.swt.widgets.Widget.sendEvent(Widget.java:1276)
	at org.eclipse.swt.widgets.Display.runDeferredEvents(Display.java:3554)
	at org.eclipse.swt.widgets.Display.readAndDispatch(Display.java:3179)
	at com.ds.swt.MainShell.waitWhileRunning(MainShell.java:233)
	at sun.reflect.NativeMethodAccessorImpl.invoke0(Native Method)
	at sun.reflect.NativeMethodAccessorImpl.invoke(NativeMethodAccessorImpl.java:95)
	at sun.reflect.DelegatingMethodAccessorImpl.invoke(DelegatingMethodAccessorImpl.java:56)
	at java.lang.reflect.Method.invoke(Method.java:620)
	at com.ds.launcher.Launcher.start(Launcher.java:91)
	at com.ds.launcher.Launcher.main(Launcher.java:35)
ERROR SSH2TransportRX com.mxterminal.ssh2.TransportSSH2 - disconnect: Server closed connection
ERROR SSH2TransportRX com.mxterminal.ssh2.TransportSSH2 - disconnect: Server closed connection
ERROR main com.mxdeploy.swt.MainShell - com.mxterminal.swt.view.ViewComposite cannot be cast to com.mxterminal.swt.view.ProcedureViewComposite
java.lang.ClassCastException: com.mxterminal.swt.view.ViewComposite cannot be cast to com.mxterminal.swt.view.ProcedureViewComposite
	at com.mxterminal.swt.TerminalFace$7.handleEvent(TerminalFace.java:370)
	at org.eclipse.swt.widgets.EventTable.sendEvent(EventTable.java:84)
	at org.eclipse.swt.widgets.Widget.sendEvent(Widget.java:1276)
	at org.eclipse.swt.widgets.Display.runDeferredEvents(Display.java:3554)
	at org.eclipse.swt.widgets.Display.readAndDispatch(Display.java:3179)
	at com.mxdeploy.swt.MainShell.waitWhileRunning(MainShell.java:233)
	at sun.reflect.NativeMethodAccessorImpl.invoke0(Native Method)
	at sun.reflect.NativeMethodAccessorImpl.invoke(NativeMethodAccessorImpl.java:62)
	at sun.reflect.DelegatingMethodAccessorImpl.invoke(DelegatingMethodAccessorImpl.java:43)
	at java.lang.reflect.Method.invoke(Method.java:483)
	at com.mxdeploy.launcher.Launcher.start(Launcher.java:91)
	at com.mxdeploy.launcher.Launcher.main(Launcher.java:35)
ERROR SSH2TransportRX com.mxterminal.ssh2.TransportSSH2 - disconnect: Server closed connection
ERROR main com.mxdeploy.swt.MainShell - com.mxterminal.swt.view.ViewComposite cannot be cast to com.mxterminal.swt.view.ProcedureViewComposite
java.lang.ClassCastException: com.mxterminal.swt.view.ViewComposite cannot be cast to com.mxterminal.swt.view.ProcedureViewComposite
	at com.mxterminal.swt.TerminalFace$7.handleEvent(TerminalFace.java:370)
	at org.eclipse.swt.widgets.EventTable.sendEvent(EventTable.java:84)
	at org.eclipse.swt.widgets.Widget.sendEvent(Widget.java:1276)
	at org.eclipse.swt.widgets.Display.runDeferredEvents(Display.java:3554)
	at org.eclipse.swt.widgets.Display.readAndDispatch(Display.java:3179)
	at com.mxdeploy.swt.MainShell.waitWhileRunning(MainShell.java:233)
	at sun.reflect.NativeMethodAccessorImpl.invoke0(Native Method)
	at sun.reflect.NativeMethodAccessorImpl.invoke(NativeMethodAccessorImpl.java:62)
	at sun.reflect.DelegatingMethodAccessorImpl.invoke(DelegatingMethodAccessorImpl.java:43)
	at java.lang.reflect.Method.invoke(Method.java:483)
	at com.mxdeploy.launcher.Launcher.start(Launcher.java:91)
	at com.mxdeploy.launcher.Launcher.main(Launcher.java:35)
ERROR main com.mxdeploy.swt.MainShell - Argument cannot be null
java.lang.IllegalArgumentException: Argument cannot be null
	at org.eclipse.swt.SWT.error(SWT.java:4342)
	at org.eclipse.swt.SWT.error(SWT.java:4276)
	at org.eclipse.swt.SWT.error(SWT.java:4247)
	at org.eclipse.swt.widgets.Widget.error(Widget.java:480)
	at org.eclipse.swt.widgets.Combo.setText(Combo.java:1895)
	at com.mxterminal.swt.view.ServerTabItemFactory.createTabITerminal(ServerTabItemFactory.java:106)
	at com.mxdeploy.swt.menu.event.NewTerminalEventHandler.execute(NewTerminalEventHandler.java:18)
	at com.mxdeploy.swt.menu.MenuBarUtils$2.handleEvent(MenuBarUtils.java:106)
	at org.eclipse.swt.widgets.EventTable.sendEvent(EventTable.java:84)
	at org.eclipse.swt.widgets.Widget.sendEvent(Widget.java:1276)
	at org.eclipse.swt.widgets.Display.runDeferredEvents(Display.java:3554)
	at org.eclipse.swt.widgets.Display.readAndDispatch(Display.java:3179)
	at com.mxdeploy.swt.MainShell.waitWhileRunning(MainShell.java:233)
	at sun.reflect.NativeMethodAccessorImpl.invoke0(Native Method)
	at sun.reflect.NativeMethodAccessorImpl.invoke(NativeMethodAccessorImpl.java:62)
	at sun.reflect.DelegatingMethodAccessorImpl.invoke(DelegatingMethodAccessorImpl.java:43)
	at java.lang.reflect.Method.invoke(Method.java:483)
	at com.mxdeploy.launcher.Launcher.start(Launcher.java:91)
	at com.mxdeploy.launcher.Launcher.main(Launcher.java:35)
ERROR main com.mxdeploy.swt.MainShell - Argument cannot be null
java.lang.IllegalArgumentException: Argument cannot be null
	at org.eclipse.swt.SWT.error(SWT.java:4342)
	at org.eclipse.swt.SWT.error(SWT.java:4276)
	at org.eclipse.swt.SWT.error(SWT.java:4247)
	at org.eclipse.swt.widgets.Widget.error(Widget.java:480)
	at org.eclipse.swt.widgets.Combo.setText(Combo.java:1895)
	at com.mxterminal.swt.view.ServerTabItemFactory.createTabITerminal(ServerTabItemFactory.java:106)
	at com.mxdeploy.swt.menu.event.NewTerminalEventHandler.execute(NewTerminalEventHandler.java:18)
	at com.mxdeploy.swt.menu.MenuBarUtils$2.handleEvent(MenuBarUtils.java:106)
	at org.eclipse.swt.widgets.EventTable.sendEvent(EventTable.java:84)
	at org.eclipse.swt.widgets.Widget.sendEvent(Widget.java:1276)
	at org.eclipse.swt.widgets.Display.runDeferredEvents(Display.java:3554)
	at org.eclipse.swt.widgets.Display.readAndDispatch(Display.java:3179)
	at com.mxdeploy.swt.MainShell.waitWhileRunning(MainShell.java:233)
	at com.mxdeploy.swt.MainShell.waitWhileRunning(MainShell.java:240)
	at sun.reflect.NativeMethodAccessorImpl.invoke0(Native Method)
	at sun.reflect.NativeMethodAccessorImpl.invoke(NativeMethodAccessorImpl.java:62)
	at sun.reflect.DelegatingMethodAccessorImpl.invoke(DelegatingMethodAccessorImpl.java:43)
	at java.lang.reflect.Method.invoke(Method.java:483)
	at com.mxdeploy.launcher.Launcher.start(Launcher.java:91)
	at com.mxdeploy.launcher.Launcher.main(Launcher.java:35)
ERROR main com.mxdeploy.swt.MainShell - Argument cannot be null
java.lang.IllegalArgumentException: Argument cannot be null
	at org.eclipse.swt.SWT.error(SWT.java:4342)
	at org.eclipse.swt.SWT.error(SWT.java:4276)
	at org.eclipse.swt.SWT.error(SWT.java:4247)
	at org.eclipse.swt.widgets.Widget.error(Widget.java:480)
	at org.eclipse.swt.widgets.Combo.setText(Combo.java:1895)
	at com.mxterminal.swt.view.ServerTabItemFactory.createTabITerminal(ServerTabItemFactory.java:106)
	at com.mxdeploy.swt.menu.event.NewTerminalEventHandler.execute(NewTerminalEventHandler.java:18)
	at com.mxdeploy.swt.menu.MenuBarUtils$2.handleEvent(MenuBarUtils.java:106)
	at org.eclipse.swt.widgets.EventTable.sendEvent(EventTable.java:84)
	at org.eclipse.swt.widgets.Widget.sendEvent(Widget.java:1276)
	at org.eclipse.swt.widgets.Display.runDeferredEvents(Display.java:3554)
	at org.eclipse.swt.widgets.Display.readAndDispatch(Display.java:3179)
	at com.mxdeploy.swt.MainShell.waitWhileRunning(MainShell.java:233)
	at com.mxdeploy.swt.MainShell.waitWhileRunning(MainShell.java:240)
	at com.mxdeploy.swt.MainShell.waitWhileRunning(MainShell.java:240)
	at sun.reflect.NativeMethodAccessorImpl.invoke0(Native Method)
	at sun.reflect.NativeMethodAccessorImpl.invoke(NativeMethodAccessorImpl.java:62)
	at sun.reflect.DelegatingMethodAccessorImpl.invoke(DelegatingMethodAccessorImpl.java:43)
	at java.lang.reflect.Method.invoke(Method.java:483)
	at com.mxdeploy.launcher.Launcher.start(Launcher.java:91)
	at com.mxdeploy.launcher.Launcher.main(Launcher.java:35)
ERROR main com.mxdeploy.swt.MainShell - Argument cannot be null
java.lang.IllegalArgumentException: Argument cannot be null
	at org.eclipse.swt.SWT.error(SWT.java:4342)
	at org.eclipse.swt.SWT.error(SWT.java:4276)
	at org.eclipse.swt.SWT.error(SWT.java:4247)
	at org.eclipse.swt.widgets.Widget.error(Widget.java:480)
	at org.eclipse.swt.widgets.Combo.setText(Combo.java:1895)
	at com.mxterminal.swt.view.ServerTabItemFactory.createTabITerminal(ServerTabItemFactory.java:106)
	at com.mxdeploy.swt.menu.event.NewTerminalEventHandler.execute(NewTerminalEventHandler.java:18)
	at com.mxdeploy.swt.menu.MenuBarUtils$2.handleEvent(MenuBarUtils.java:106)
	at org.eclipse.swt.widgets.EventTable.sendEvent(EventTable.java:84)
	at org.eclipse.swt.widgets.Widget.sendEvent(Widget.java:1276)
	at org.eclipse.swt.widgets.Display.runDeferredEvents(Display.java:3554)
	at org.eclipse.swt.widgets.Display.readAndDispatch(Display.java:3179)
	at com.mxdeploy.swt.MainShell.waitWhileRunning(MainShell.java:233)
	at com.mxdeploy.swt.MainShell.waitWhileRunning(MainShell.java:240)
	at com.mxdeploy.swt.MainShell.waitWhileRunning(MainShell.java:240)
	at com.mxdeploy.swt.MainShell.waitWhileRunning(MainShell.java:240)
	at sun.reflect.NativeMethodAccessorImpl.invoke0(Native Method)
	at sun.reflect.NativeMethodAccessorImpl.invoke(NativeMethodAccessorImpl.java:62)
	at sun.reflect.DelegatingMethodAccessorImpl.invoke(DelegatingMethodAccessorImpl.java:43)
	at java.lang.reflect.Method.invoke(Method.java:483)
	at com.mxdeploy.launcher.Launcher.start(Launcher.java:91)
	at com.mxdeploy.launcher.Launcher.main(Launcher.java:35)
ERROR main com.mxdeploy.swt.MainShell - String index out of range: -1
java.lang.StringIndexOutOfBoundsException: String index out of range: -1
	at java.lang.String.substring(String.java:1954)
	at com.mxterminal.swt.view.ServerTabItemFactory.createTabITerminal(ServerTabItemFactory.java:122)
	at com.mxdeploy.swt.menu.event.NewTerminalEventHandler.execute(NewTerminalEventHandler.java:22)
	at com.mxdeploy.swt.menu.MenuBarUtils$2.handleEvent(MenuBarUtils.java:106)
	at org.eclipse.swt.widgets.EventTable.sendEvent(EventTable.java:84)
	at org.eclipse.swt.widgets.Widget.sendEvent(Widget.java:1276)
	at org.eclipse.swt.widgets.Display.runDeferredEvents(Display.java:3554)
	at org.eclipse.swt.widgets.Display.readAndDispatch(Display.java:3179)
	at com.mxdeploy.swt.MainShell.waitWhileRunning(MainShell.java:233)
	at sun.reflect.NativeMethodAccessorImpl.invoke0(Native Method)
	at sun.reflect.NativeMethodAccessorImpl.invoke(NativeMethodAccessorImpl.java:62)
	at sun.reflect.DelegatingMethodAccessorImpl.invoke(DelegatingMethodAccessorImpl.java:43)
	at java.lang.reflect.Method.invoke(Method.java:483)
	at com.mxdeploy.launcher.Launcher.start(Launcher.java:91)
	at com.mxdeploy.launcher.Launcher.main(Launcher.java:35)
ERROR main com.mxdeploy.swt.MainShell - Widget is disposed
org.eclipse.swt.SWTException: Widget is disposed
	at org.eclipse.swt.SWT.error(SWT.java:4361)
	at org.eclipse.swt.SWT.error(SWT.java:4276)
	at org.eclipse.swt.SWT.error(SWT.java:4247)
	at org.eclipse.swt.widgets.Widget.error(Widget.java:480)
	at org.eclipse.swt.widgets.Widget.checkWidget(Widget.java:417)
	at org.eclipse.swt.widgets.Combo.getItems(Combo.java:848)
	at com.mxdeploy.swt.dialogs.authentication.HostnameComposite$1.keyReleased(HostnameComposite.java:58)
	at org.eclipse.swt.widgets.TypedListener.handleEvent(TypedListener.java:174)
	at org.eclipse.swt.widgets.EventTable.sendEvent(EventTable.java:84)
	at org.eclipse.swt.widgets.Widget.sendEvent(Widget.java:1276)
	at org.eclipse.swt.widgets.Widget.sendEvent(Widget.java:1300)
	at org.eclipse.swt.widgets.Widget.sendEvent(Widget.java:1285)
	at org.eclipse.swt.widgets.Widget.sendKeyEvent(Widget.java:1312)
	at org.eclipse.swt.widgets.Widget.gtk_key_release_event(Widget.java:754)
	at org.eclipse.swt.widgets.Control.gtk_key_release_event(Control.java:3059)
	at org.eclipse.swt.widgets.Widget.windowProc(Widget.java:1759)
	at org.eclipse.swt.widgets.Control.windowProc(Control.java:5116)
	at org.eclipse.swt.widgets.Display.windowProc(Display.java:4369)
	at org.eclipse.swt.internal.gtk.OS._gtk_main_do_event(Native Method)
	at org.eclipse.swt.internal.gtk.OS.gtk_main_do_event(OS.java:8295)
	at org.eclipse.swt.widgets.Display.eventProc(Display.java:1192)
	at org.eclipse.swt.internal.gtk.OS._g_main_context_iteration(Native Method)
	at org.eclipse.swt.internal.gtk.OS.g_main_context_iteration(OS.java:2332)
	at org.eclipse.swt.widgets.Display.readAndDispatch(Display.java:3177)
	at com.mxdeploy.swt.dialogs.authentication.HostnameDialog.openShell(HostnameDialog.java:36)
	at com.mxdeploy.swt.menu.event.NewTerminalEventHandler.execute(NewTerminalEventHandler.java:14)
	at com.mxdeploy.swt.menu.MenuBarUtils$2.handleEvent(MenuBarUtils.java:106)
	at org.eclipse.swt.widgets.EventTable.sendEvent(EventTable.java:84)
	at org.eclipse.swt.widgets.Widget.sendEvent(Widget.java:1276)
	at org.eclipse.swt.widgets.Display.runDeferredEvents(Display.java:3554)
	at org.eclipse.swt.widgets.Display.readAndDispatch(Display.java:3179)
	at com.mxdeploy.swt.MainShell.waitWhileRunning(MainShell.java:233)
	at sun.reflect.NativeMethodAccessorImpl.invoke0(Native Method)
	at sun.reflect.NativeMethodAccessorImpl.invoke(NativeMethodAccessorImpl.java:62)
	at sun.reflect.DelegatingMethodAccessorImpl.invoke(DelegatingMethodAccessorImpl.java:43)
	at java.lang.reflect.Method.invoke(Method.java:483)
	at com.mxdeploy.launcher.Launcher.start(Launcher.java:91)
	at com.mxdeploy.launcher.Launcher.main(Launcher.java:35)
ERROR main com.mxdeploy.swt.MainShell - String index out of range: -1
java.lang.StringIndexOutOfBoundsException: String index out of range: -1
	at java.lang.String.substring(String.java:1954)
	at com.mxterminal.swt.view.ServerTabItemFactory.createTabITerminal(ServerTabItemFactory.java:122)
	at com.mxdeploy.swt.menu.event.NewTerminalEventHandler.execute(NewTerminalEventHandler.java:22)
	at com.mxdeploy.swt.menu.MenuBarUtils$2.handleEvent(MenuBarUtils.java:106)
	at org.eclipse.swt.widgets.EventTable.sendEvent(EventTable.java:84)
	at org.eclipse.swt.widgets.Widget.sendEvent(Widget.java:1276)
	at org.eclipse.swt.widgets.Display.runDeferredEvents(Display.java:3554)
	at org.eclipse.swt.widgets.Display.readAndDispatch(Display.java:3179)
	at com.mxdeploy.swt.MainShell.waitWhileRunning(MainShell.java:233)
	at sun.reflect.NativeMethodAccessorImpl.invoke0(Native Method)
	at sun.reflect.NativeMethodAccessorImpl.invoke(NativeMethodAccessorImpl.java:62)
	at sun.reflect.DelegatingMethodAccessorImpl.invoke(DelegatingMethodAccessorImpl.java:43)
	at java.lang.reflect.Method.invoke(Method.java:483)
	at com.mxdeploy.launcher.Launcher.start(Launcher.java:91)
	at com.mxdeploy.launcher.Launcher.main(Launcher.java:35)
ERROR main com.mxdeploy.swt.MainShell - String index out of range: -1
java.lang.StringIndexOutOfBoundsException: String index out of range: -1
	at java.lang.String.substring(String.java:1954)
	at com.mxterminal.swt.view.CentralTabItemFactory.createTabITerminal(CentralTabItemFactory.java:160)
	at com.mxdeploy.swt.menu.event.NewTerminalEventHandler.execute(NewTerminalEventHandler.java:22)
	at com.mxdeploy.swt.menu.MenuBarUtils$2.handleEvent(MenuBarUtils.java:106)
	at org.eclipse.swt.widgets.EventTable.sendEvent(EventTable.java:84)
	at org.eclipse.swt.widgets.Widget.sendEvent(Widget.java:1276)
	at org.eclipse.swt.widgets.Display.runDeferredEvents(Display.java:3554)
	at org.eclipse.swt.widgets.Display.readAndDispatch(Display.java:3179)
	at com.mxdeploy.swt.MainShell.waitWhileRunning(MainShell.java:233)
	at sun.reflect.NativeMethodAccessorImpl.invoke0(Native Method)
	at sun.reflect.NativeMethodAccessorImpl.invoke(NativeMethodAccessorImpl.java:62)
	at sun.reflect.DelegatingMethodAccessorImpl.invoke(DelegatingMethodAccessorImpl.java:43)
	at java.lang.reflect.Method.invoke(Method.java:483)
	at com.mxdeploy.launcher.Launcher.start(Launcher.java:91)
	at com.mxdeploy.launcher.Launcher.main(Launcher.java:35)
ERROR main com.mxdeploy.swt.MainShell - 
java.lang.NullPointerException
	at com.mxterminal.swt.view.ViewComposite.createTabITerminal(ViewComposite.java:58)
	at com.mxterminal.swt.view.ViewComposite.initialize(ViewComposite.java:46)
	at com.mxterminal.swt.view.ViewComposite.<init>(ViewComposite.java:34)
	at com.mxterminal.swt.view.CentralSashFormComposite$1.run(CentralSashFormComposite.java:65)
	at org.eclipse.swt.widgets.Synchronizer.syncExec(Synchronizer.java:180)
	at org.eclipse.swt.widgets.Display.syncExec(Display.java:4291)
	at com.mxterminal.swt.view.CentralSashFormComposite.createSashForm(CentralSashFormComposite.java:61)
	at com.mxterminal.swt.view.CentralSashFormComposite.initialize(CentralSashFormComposite.java:41)
	at com.mxterminal.swt.view.CentralSashFormComposite.<init>(CentralSashFormComposite.java:30)
	at com.mxterminal.swt.view.CentralComposite.createTerminalViewComposite(CentralComposite.java:57)
	at com.mxterminal.swt.view.CentralComposite.createCTabFolder(CentralComposite.java:49)
	at com.mxterminal.swt.view.CentralComposite.initialize(CentralComposite.java:42)
	at com.mxterminal.swt.view.CentralComposite.<init>(CentralComposite.java:30)
	at com.mxterminal.swt.view.CentralTabItemFactory.createTabItemServer(CentralTabItemFactory.java:32)
	at com.mxdeploy.swt.menu.event.NewTerminalEventHandler.execute(NewTerminalEventHandler.java:27)
	at com.mxdeploy.swt.menu.MenuBarUtils$2.handleEvent(MenuBarUtils.java:106)
	at org.eclipse.swt.widgets.EventTable.sendEvent(EventTable.java:84)
	at org.eclipse.swt.widgets.Widget.sendEvent(Widget.java:1276)
	at org.eclipse.swt.widgets.Display.runDeferredEvents(Display.java:3554)
	at org.eclipse.swt.widgets.Display.readAndDispatch(Display.java:3179)
	at com.mxdeploy.swt.MainShell.waitWhileRunning(MainShell.java:233)
	at sun.reflect.NativeMethodAccessorImpl.invoke0(Native Method)
	at sun.reflect.NativeMethodAccessorImpl.invoke(NativeMethodAccessorImpl.java:62)
	at sun.reflect.DelegatingMethodAccessorImpl.invoke(DelegatingMethodAccessorImpl.java:43)
	at java.lang.reflect.Method.invoke(Method.java:483)
	at com.mxdeploy.launcher.Launcher.start(Launcher.java:91)
	at com.mxdeploy.launcher.Launcher.main(Launcher.java:35)
ERROR main com.mxdeploy.swt.MainShell - 
java.lang.NullPointerException
	at com.mxterminal.swt.view.ViewComposite$1.run(ViewComposite.java:64)
	at org.eclipse.swt.widgets.Synchronizer.syncExec(Synchronizer.java:180)
	at org.eclipse.swt.widgets.Display.syncExec(Display.java:4291)
	at com.mxterminal.swt.view.ViewComposite.createTabITerminal(ViewComposite.java:62)
	at com.mxterminal.swt.view.ViewComposite.initialize(ViewComposite.java:46)
	at com.mxterminal.swt.view.ViewComposite.<init>(ViewComposite.java:34)
	at com.mxterminal.swt.view.CentralSashFormComposite$1.run(CentralSashFormComposite.java:65)
	at org.eclipse.swt.widgets.Synchronizer.syncExec(Synchronizer.java:180)
	at org.eclipse.swt.widgets.Display.syncExec(Display.java:4291)
	at com.mxterminal.swt.view.CentralSashFormComposite.createSashForm(CentralSashFormComposite.java:61)
	at com.mxterminal.swt.view.CentralSashFormComposite.initialize(CentralSashFormComposite.java:41)
	at com.mxterminal.swt.view.CentralSashFormComposite.<init>(CentralSashFormComposite.java:30)
	at com.mxterminal.swt.view.CentralComposite.createTerminalViewComposite(CentralComposite.java:57)
	at com.mxterminal.swt.view.CentralComposite.createCTabFolder(CentralComposite.java:49)
	at com.mxterminal.swt.view.CentralComposite.initialize(CentralComposite.java:42)
	at com.mxterminal.swt.view.CentralComposite.<init>(CentralComposite.java:30)
	at com.mxterminal.swt.view.CentralTabItemFactory.createTabItemServer(CentralTabItemFactory.java:32)
	at com.mxdeploy.swt.menu.event.NewTerminalEventHandler.execute(NewTerminalEventHandler.java:27)
	at com.mxdeploy.swt.menu.MenuBarUtils$2.handleEvent(MenuBarUtils.java:106)
	at org.eclipse.swt.widgets.EventTable.sendEvent(EventTable.java:84)
	at org.eclipse.swt.widgets.Widget.sendEvent(Widget.java:1276)
	at org.eclipse.swt.widgets.Display.runDeferredEvents(Display.java:3554)
	at org.eclipse.swt.widgets.Display.readAndDispatch(Display.java:3179)
	at com.mxdeploy.swt.MainShell.waitWhileRunning(MainShell.java:233)
	at sun.reflect.NativeMethodAccessorImpl.invoke0(Native Method)
	at sun.reflect.NativeMethodAccessorImpl.invoke(NativeMethodAccessorImpl.java:62)
	at sun.reflect.DelegatingMethodAccessorImpl.invoke(DelegatingMethodAccessorImpl.java:43)
	at java.lang.reflect.Method.invoke(Method.java:483)
	at com.mxdeploy.launcher.Launcher.start(Launcher.java:91)
	at com.mxdeploy.launcher.Launcher.main(Launcher.java:35)
ERROR SSH2StreamTX_session_0 com.mxterminal.ssh2.ConnectionSSH2 - ch. # 0 not present
ERROR SSH2StreamTX_session_0 com.mxterminal.ssh2.ConnectionSSH2 - ch. # 0 not present
ERROR SSH2StreamTX_session_0 com.mxterminal.ssh2.ConnectionSSH2 - ch. # 0 not present
ERROR SSH2StreamTX_session_0 com.mxterminal.ssh2.ConnectionSSH2 - ch. # 0 not present
ERROR SSH2StreamTX_session_0 com.mxterminal.ssh2.ConnectionSSH2 - ch. # 0 not present
ERROR SSH2StreamTX_session_0 com.mxterminal.ssh2.ConnectionSSH2 - ch. # 0 not present
ERROR SSH2StreamTX_session_0 com.mxterminal.ssh2.ConnectionSSH2 - ch. # 0 not present
ERROR SSH2StreamTX_session_0 com.mxterminal.ssh2.ConnectionSSH2 - ch. # 0 not present
ERROR SSH2StreamTX_session_0 com.mxterminal.ssh2.ConnectionSSH2 - ch. # 0 not present
ERROR main com.mxdeploy.swt.MainShell - 
java.lang.NullPointerException
	at com.mxterminal.swt.view.helper.ToolBarViewHelper.save(ToolBarViewHelper.java:114)
	at com.mxterminal.swt.view.helper.CommandHelper.keyPressed(CommandHelper.java:156)
	at com.mxterminal.swt.view.CommandComposite$2.keyReleased(CommandComposite.java:143)
	at org.eclipse.swt.widgets.TypedListener.handleEvent(TypedListener.java:174)
	at org.eclipse.swt.widgets.EventTable.sendEvent(EventTable.java:84)
	at org.eclipse.swt.widgets.Widget.sendEvent(Widget.java:1276)
	at org.eclipse.swt.widgets.Widget.sendEvent(Widget.java:1300)
	at org.eclipse.swt.widgets.Widget.sendEvent(Widget.java:1285)
	at org.eclipse.swt.widgets.Widget.sendKeyEvent(Widget.java:1312)
	at org.eclipse.swt.widgets.Widget.gtk_key_release_event(Widget.java:754)
	at org.eclipse.swt.widgets.Control.gtk_key_release_event(Control.java:3059)
	at org.eclipse.swt.widgets.Widget.windowProc(Widget.java:1759)
	at org.eclipse.swt.widgets.Control.windowProc(Control.java:5116)
	at org.eclipse.swt.widgets.Text.windowProc(Text.java:2631)
	at org.eclipse.swt.widgets.Display.windowProc(Display.java:4369)
	at org.eclipse.swt.internal.gtk.OS._gtk_main_do_event(Native Method)
	at org.eclipse.swt.internal.gtk.OS.gtk_main_do_event(OS.java:8295)
	at org.eclipse.swt.widgets.Display.eventProc(Display.java:1192)
	at org.eclipse.swt.internal.gtk.OS._g_main_context_iteration(Native Method)
	at org.eclipse.swt.internal.gtk.OS.g_main_context_iteration(OS.java:2332)
	at org.eclipse.swt.widgets.Display.readAndDispatch(Display.java:3177)
	at com.mxdeploy.swt.MainShell.waitWhileRunning(MainShell.java:233)
	at sun.reflect.NativeMethodAccessorImpl.invoke0(Native Method)
	at sun.reflect.NativeMethodAccessorImpl.invoke(NativeMethodAccessorImpl.java:62)
	at sun.reflect.DelegatingMethodAccessorImpl.invoke(DelegatingMethodAccessorImpl.java:43)
	at java.lang.reflect.Method.invoke(Method.java:483)
	at com.mxdeploy.launcher.Launcher.start(Launcher.java:91)
	at com.mxdeploy.launcher.Launcher.main(Launcher.java:35)
ERROR main com.mxdeploy.swt.MainShell - 
java.lang.NullPointerException
	at com.mxterminal.swt.view.helper.ToolBarViewHelper.save(ToolBarViewHelper.java:114)
	at com.mxterminal.swt.view.helper.CommandHelper.keyPressed(CommandHelper.java:156)
	at com.mxterminal.swt.view.CommandComposite$2.keyReleased(CommandComposite.java:143)
	at org.eclipse.swt.widgets.TypedListener.handleEvent(TypedListener.java:174)
	at org.eclipse.swt.widgets.EventTable.sendEvent(EventTable.java:84)
	at org.eclipse.swt.widgets.Widget.sendEvent(Widget.java:1276)
	at org.eclipse.swt.widgets.Widget.sendEvent(Widget.java:1300)
	at org.eclipse.swt.widgets.Widget.sendEvent(Widget.java:1285)
	at org.eclipse.swt.widgets.Widget.sendKeyEvent(Widget.java:1312)
	at org.eclipse.swt.widgets.Widget.gtk_key_release_event(Widget.java:754)
	at org.eclipse.swt.widgets.Control.gtk_key_release_event(Control.java:3059)
	at org.eclipse.swt.widgets.Widget.windowProc(Widget.java:1759)
	at org.eclipse.swt.widgets.Control.windowProc(Control.java:5116)
	at org.eclipse.swt.widgets.Text.windowProc(Text.java:2631)
	at org.eclipse.swt.widgets.Display.windowProc(Display.java:4369)
	at org.eclipse.swt.internal.gtk.OS._gtk_main_do_event(Native Method)
	at org.eclipse.swt.internal.gtk.OS.gtk_main_do_event(OS.java:8295)
	at org.eclipse.swt.widgets.Display.eventProc(Display.java:1192)
	at org.eclipse.swt.internal.gtk.OS._g_main_context_iteration(Native Method)
	at org.eclipse.swt.internal.gtk.OS.g_main_context_iteration(OS.java:2332)
	at org.eclipse.swt.widgets.Display.readAndDispatch(Display.java:3177)
	at com.mxdeploy.swt.MainShell.waitWhileRunning(MainShell.java:233)
	at com.mxdeploy.swt.MainShell.waitWhileRunning(MainShell.java:240)
	at sun.reflect.NativeMethodAccessorImpl.invoke0(Native Method)
	at sun.reflect.NativeMethodAccessorImpl.invoke(NativeMethodAccessorImpl.java:62)
	at sun.reflect.DelegatingMethodAccessorImpl.invoke(DelegatingMethodAccessorImpl.java:43)
	at java.lang.reflect.Method.invoke(Method.java:483)
	at com.mxdeploy.launcher.Launcher.start(Launcher.java:91)
	at com.mxdeploy.launcher.Launcher.main(Launcher.java:35)
ERROR main com.mxdeploy.swt.MainShell - 
java.lang.NullPointerException
	at com.mxterminal.swt.view.helper.ToolBarViewHelper.save(ToolBarViewHelper.java:114)
	at com.mxterminal.swt.view.ToolBarViewComposite$2.widgetSelected(ToolBarViewComposite.java:113)
	at org.eclipse.swt.widgets.TypedListener.handleEvent(TypedListener.java:248)
	at org.eclipse.swt.widgets.EventTable.sendEvent(EventTable.java:84)
	at org.eclipse.swt.widgets.Widget.sendEvent(Widget.java:1276)
	at org.eclipse.swt.widgets.Display.runDeferredEvents(Display.java:3554)
	at org.eclipse.swt.widgets.Display.readAndDispatch(Display.java:3179)
	at com.mxdeploy.swt.MainShell.waitWhileRunning(MainShell.java:233)
	at com.mxdeploy.swt.MainShell.waitWhileRunning(MainShell.java:240)
	at com.mxdeploy.swt.MainShell.waitWhileRunning(MainShell.java:240)
	at sun.reflect.NativeMethodAccessorImpl.invoke0(Native Method)
	at sun.reflect.NativeMethodAccessorImpl.invoke(NativeMethodAccessorImpl.java:62)
	at sun.reflect.DelegatingMethodAccessorImpl.invoke(DelegatingMethodAccessorImpl.java:43)
	at java.lang.reflect.Method.invoke(Method.java:483)
	at com.mxdeploy.launcher.Launcher.start(Launcher.java:91)
	at com.mxdeploy.launcher.Launcher.main(Launcher.java:35)
ERROR main com.mxdeploy.swt.MainShell - 
java.lang.NullPointerException
	at com.mxterminal.swt.view.helper.ToolBarViewHelper.save(ToolBarViewHelper.java:114)
	at com.mxterminal.swt.view.helper.CommandHelper.keyPressed(CommandHelper.java:156)
	at com.mxterminal.swt.view.CommandComposite$2.keyReleased(CommandComposite.java:143)
	at org.eclipse.swt.widgets.TypedListener.handleEvent(TypedListener.java:174)
	at org.eclipse.swt.widgets.EventTable.sendEvent(EventTable.java:84)
	at org.eclipse.swt.widgets.Widget.sendEvent(Widget.java:1276)
	at org.eclipse.swt.widgets.Widget.sendEvent(Widget.java:1300)
	at org.eclipse.swt.widgets.Widget.sendEvent(Widget.java:1285)
	at org.eclipse.swt.widgets.Widget.sendKeyEvent(Widget.java:1312)
	at org.eclipse.swt.widgets.Widget.gtk_key_release_event(Widget.java:754)
	at org.eclipse.swt.widgets.Control.gtk_key_release_event(Control.java:3059)
	at org.eclipse.swt.widgets.Widget.windowProc(Widget.java:1759)
	at org.eclipse.swt.widgets.Control.windowProc(Control.java:5116)
	at org.eclipse.swt.widgets.Text.windowProc(Text.java:2631)
	at org.eclipse.swt.widgets.Display.windowProc(Display.java:4369)
	at org.eclipse.swt.internal.gtk.OS._gtk_main_do_event(Native Method)
	at org.eclipse.swt.internal.gtk.OS.gtk_main_do_event(OS.java:8295)
	at org.eclipse.swt.widgets.Display.eventProc(Display.java:1192)
	at org.eclipse.swt.internal.gtk.OS._g_main_context_iteration(Native Method)
	at org.eclipse.swt.internal.gtk.OS.g_main_context_iteration(OS.java:2332)
	at org.eclipse.swt.widgets.Display.readAndDispatch(Display.java:3177)
	at com.mxdeploy.swt.MainShell.waitWhileRunning(MainShell.java:233)
	at sun.reflect.NativeMethodAccessorImpl.invoke0(Native Method)
	at sun.reflect.NativeMethodAccessorImpl.invoke(NativeMethodAccessorImpl.java:62)
	at sun.reflect.DelegatingMethodAccessorImpl.invoke(DelegatingMethodAccessorImpl.java:43)
	at java.lang.reflect.Method.invoke(Method.java:483)
	at com.mxdeploy.launcher.Launcher.start(Launcher.java:91)
	at com.mxdeploy.launcher.Launcher.main(Launcher.java:35)
ERROR main com.mxdeploy.swt.MainShell - 
java.lang.NullPointerException
	at com.mxterminal.swt.view.helper.ToolBarViewHelper.save(ToolBarViewHelper.java:114)
	at com.mxterminal.swt.view.ToolBarViewComposite$2.widgetSelected(ToolBarViewComposite.java:113)
	at org.eclipse.swt.widgets.TypedListener.handleEvent(TypedListener.java:248)
	at org.eclipse.swt.widgets.EventTable.sendEvent(EventTable.java:84)
	at org.eclipse.swt.widgets.Widget.sendEvent(Widget.java:1276)
	at org.eclipse.swt.widgets.Display.runDeferredEvents(Display.java:3554)
	at org.eclipse.swt.widgets.Display.readAndDispatch(Display.java:3179)
	at com.mxdeploy.swt.MainShell.waitWhileRunning(MainShell.java:233)
	at com.mxdeploy.swt.MainShell.waitWhileRunning(MainShell.java:240)
	at sun.reflect.NativeMethodAccessorImpl.invoke0(Native Method)
	at sun.reflect.NativeMethodAccessorImpl.invoke(NativeMethodAccessorImpl.java:62)
	at sun.reflect.DelegatingMethodAccessorImpl.invoke(DelegatingMethodAccessorImpl.java:43)
	at java.lang.reflect.Method.invoke(Method.java:483)
	at com.mxdeploy.launcher.Launcher.start(Launcher.java:91)
	at com.mxdeploy.launcher.Launcher.main(Launcher.java:35)
ERROR SSH2StreamTX_session_0 com.mxterminal.ssh2.ConnectionSSH2 - ch. # 0 not present
ERROR SSH2StreamTX_session_0 com.mxterminal.ssh2.ConnectionSSH2 - ch. # 0 not present
ERROR SSH2StreamTX_session_0 com.mxterminal.ssh2.ConnectionSSH2 - ch. # 0 not present
ERROR main com.mxdeploy.swt.MainShell - 
java.lang.NullPointerException
	at com.mxdeploy.swt.MainHelper.setTextLabelFooter(MainHelper.java:571)
	at com.mxterminal.swt.view.helper.ProcedureViewHelper$1.run(ProcedureViewHelper.java:90)
	at org.eclipse.swt.widgets.Synchronizer.syncExec(Synchronizer.java:180)
	at org.eclipse.swt.widgets.Display.syncExec(Display.java:4291)
	at com.mxterminal.swt.view.helper.ProcedureViewHelper.selectTreeItem(ProcedureViewHelper.java:69)
	at com.mxterminal.swt.view.ViewComposite$1.handleEvent(ViewComposite.java:110)
	at org.eclipse.swt.widgets.EventTable.sendEvent(EventTable.java:84)
	at org.eclipse.swt.widgets.Widget.sendEvent(Widget.java:1276)
	at org.eclipse.swt.widgets.Display.runDeferredEvents(Display.java:3554)
	at org.eclipse.swt.widgets.Display.readAndDispatch(Display.java:3179)
	at com.mxdeploy.swt.MainShell.waitWhileRunning(MainShell.java:233)
	at sun.reflect.NativeMethodAccessorImpl.invoke0(Native Method)
	at sun.reflect.NativeMethodAccessorImpl.invoke(NativeMethodAccessorImpl.java:62)
	at sun.reflect.DelegatingMethodAccessorImpl.invoke(DelegatingMethodAccessorImpl.java:43)
	at java.lang.reflect.Method.invoke(Method.java:483)
	at com.mxdeploy.launcher.Launcher.start(Launcher.java:91)
	at com.mxdeploy.launcher.Launcher.main(Launcher.java:35)
ERROR main com.mxdeploy.swt.MainShell - 
java.lang.NullPointerException
	at com.mxdeploy.swt.MainHelper.setTextLabelFooter(MainHelper.java:571)
	at com.mxterminal.swt.view.helper.ProcedureViewHelper$1.run(ProcedureViewHelper.java:90)
	at org.eclipse.swt.widgets.Synchronizer.syncExec(Synchronizer.java:180)
	at org.eclipse.swt.widgets.Display.syncExec(Display.java:4291)
	at com.mxterminal.swt.view.helper.ProcedureViewHelper.selectTreeItem(ProcedureViewHelper.java:69)
	at com.mxterminal.swt.view.ViewComposite$1.handleEvent(ViewComposite.java:110)
	at org.eclipse.swt.widgets.EventTable.sendEvent(EventTable.java:84)
	at org.eclipse.swt.widgets.Widget.sendEvent(Widget.java:1276)
	at org.eclipse.swt.widgets.Display.runDeferredEvents(Display.java:3554)
	at org.eclipse.swt.widgets.Display.readAndDispatch(Display.java:3179)
	at com.mxdeploy.swt.MainShell.waitWhileRunning(MainShell.java:233)
	at com.mxdeploy.swt.MainShell.waitWhileRunning(MainShell.java:240)
	at sun.reflect.NativeMethodAccessorImpl.invoke0(Native Method)
	at sun.reflect.NativeMethodAccessorImpl.invoke(NativeMethodAccessorImpl.java:62)
	at sun.reflect.DelegatingMethodAccessorImpl.invoke(DelegatingMethodAccessorImpl.java:43)
	at java.lang.reflect.Method.invoke(Method.java:483)
	at com.mxdeploy.launcher.Launcher.start(Launcher.java:91)
	at com.mxdeploy.launcher.Launcher.main(Launcher.java:35)
ERROR main com.mxdeploy.swt.MainShell - 
java.lang.NullPointerException
	at com.mxdeploy.swt.MainHelper.setTextLabelFooter(MainHelper.java:571)
	at com.mxterminal.swt.view.helper.ProcedureViewHelper$1.run(ProcedureViewHelper.java:98)
	at org.eclipse.swt.widgets.Synchronizer.syncExec(Synchronizer.java:180)
	at org.eclipse.swt.widgets.Display.syncExec(Display.java:4291)
	at com.mxterminal.swt.view.helper.ProcedureViewHelper.selectTreeItem(ProcedureViewHelper.java:69)
	at com.mxterminal.swt.view.ViewComposite$1.handleEvent(ViewComposite.java:110)
	at org.eclipse.swt.widgets.EventTable.sendEvent(EventTable.java:84)
	at org.eclipse.swt.widgets.Widget.sendEvent(Widget.java:1276)
	at org.eclipse.swt.widgets.Display.runDeferredEvents(Display.java:3554)
	at org.eclipse.swt.widgets.Display.readAndDispatch(Display.java:3179)
	at com.mxdeploy.swt.MainShell.waitWhileRunning(MainShell.java:233)
	at com.mxdeploy.swt.MainShell.waitWhileRunning(MainShell.java:240)
	at com.mxdeploy.swt.MainShell.waitWhileRunning(MainShell.java:240)
	at sun.reflect.NativeMethodAccessorImpl.invoke0(Native Method)
	at sun.reflect.NativeMethodAccessorImpl.invoke(NativeMethodAccessorImpl.java:62)
	at sun.reflect.DelegatingMethodAccessorImpl.invoke(DelegatingMethodAccessorImpl.java:43)
	at java.lang.reflect.Method.invoke(Method.java:483)
	at com.mxdeploy.launcher.Launcher.start(Launcher.java:91)
	at com.mxdeploy.launcher.Launcher.main(Launcher.java:35)
ERROR main com.mxdeploy.swt.MainShell - 
java.lang.NullPointerException
	at com.mxdeploy.swt.MainHelper.setTextLabelFooter(MainHelper.java:571)
	at com.mxterminal.swt.view.helper.ProcedureViewHelper$1.run(ProcedureViewHelper.java:90)
	at org.eclipse.swt.widgets.Synchronizer.syncExec(Synchronizer.java:180)
	at org.eclipse.swt.widgets.Display.syncExec(Display.java:4291)
	at com.mxterminal.swt.view.helper.ProcedureViewHelper.selectTreeItem(ProcedureViewHelper.java:69)
	at com.mxterminal.swt.view.ViewComposite$1.handleEvent(ViewComposite.java:110)
	at org.eclipse.swt.widgets.EventTable.sendEvent(EventTable.java:84)
	at org.eclipse.swt.widgets.Widget.sendEvent(Widget.java:1276)
	at org.eclipse.swt.widgets.Display.runDeferredEvents(Display.java:3554)
	at org.eclipse.swt.widgets.Display.readAndDispatch(Display.java:3179)
	at com.mxdeploy.swt.MainShell.waitWhileRunning(MainShell.java:233)
	at com.mxdeploy.swt.MainShell.waitWhileRunning(MainShell.java:240)
	at com.mxdeploy.swt.MainShell.waitWhileRunning(MainShell.java:240)
	at com.mxdeploy.swt.MainShell.waitWhileRunning(MainShell.java:240)
	at sun.reflect.NativeMethodAccessorImpl.invoke0(Native Method)
	at sun.reflect.NativeMethodAccessorImpl.invoke(NativeMethodAccessorImpl.java:62)
	at sun.reflect.DelegatingMethodAccessorImpl.invoke(DelegatingMethodAccessorImpl.java:43)
	at java.lang.reflect.Method.invoke(Method.java:483)
	at com.mxdeploy.launcher.Launcher.start(Launcher.java:91)
	at com.mxdeploy.launcher.Launcher.main(Launcher.java:35)
ERROR main com.mxdeploy.swt.MainShell - 
java.lang.NullPointerException
	at com.mxdeploy.swt.MainHelper.setTextLabelFooter(MainHelper.java:571)
	at com.mxterminal.swt.view.helper.ProcedureViewHelper$1.run(ProcedureViewHelper.java:98)
	at org.eclipse.swt.widgets.Synchronizer.syncExec(Synchronizer.java:180)
	at org.eclipse.swt.widgets.Display.syncExec(Display.java:4291)
	at com.mxterminal.swt.view.helper.ProcedureViewHelper.selectTreeItem(ProcedureViewHelper.java:69)
	at com.mxterminal.swt.view.ViewComposite$1.handleEvent(ViewComposite.java:110)
	at org.eclipse.swt.widgets.EventTable.sendEvent(EventTable.java:84)
	at org.eclipse.swt.widgets.Widget.sendEvent(Widget.java:1276)
	at org.eclipse.swt.widgets.Display.runDeferredEvents(Display.java:3554)
	at org.eclipse.swt.widgets.Display.readAndDispatch(Display.java:3179)
	at com.mxdeploy.swt.MainShell.waitWhileRunning(MainShell.java:233)
	at com.mxdeploy.swt.MainShell.waitWhileRunning(MainShell.java:240)
	at com.mxdeploy.swt.MainShell.waitWhileRunning(MainShell.java:240)
	at com.mxdeploy.swt.MainShell.waitWhileRunning(MainShell.java:240)
	at com.mxdeploy.swt.MainShell.waitWhileRunning(MainShell.java:240)
	at sun.reflect.NativeMethodAccessorImpl.invoke0(Native Method)
	at sun.reflect.NativeMethodAccessorImpl.invoke(NativeMethodAccessorImpl.java:62)
	at sun.reflect.DelegatingMethodAccessorImpl.invoke(DelegatingMethodAccessorImpl.java:43)
	at java.lang.reflect.Method.invoke(Method.java:483)
	at com.mxdeploy.launcher.Launcher.start(Launcher.java:91)
	at com.mxdeploy.launcher.Launcher.main(Launcher.java:35)
ERROR SSH2StreamTX_session_0 com.mxterminal.ssh2.ConnectionSSH2 - ch. # 0 not present
ERROR SSH2StreamTX_session_0 com.mxterminal.ssh2.ConnectionSSH2 - ch. # 0 not present
ERROR main com.mxdeploy.swt.MainShell - 
java.lang.NullPointerException
	at com.mxdeploy.swt.MainHelper.setTextLabelFooter(MainHelper.java:571)
	at com.mxterminal.swt.view.helper.ProcedureViewHelper$1.run(ProcedureViewHelper.java:90)
	at org.eclipse.swt.widgets.Synchronizer.syncExec(Synchronizer.java:180)
	at org.eclipse.swt.widgets.Display.syncExec(Display.java:4291)
	at com.mxterminal.swt.view.helper.ProcedureViewHelper.selectTreeItem(ProcedureViewHelper.java:69)
	at com.mxterminal.swt.view.ViewComposite$1.handleEvent(ViewComposite.java:110)
	at org.eclipse.swt.widgets.EventTable.sendEvent(EventTable.java:84)
	at org.eclipse.swt.widgets.Widget.sendEvent(Widget.java:1276)
	at org.eclipse.swt.widgets.Display.runDeferredEvents(Display.java:3554)
	at org.eclipse.swt.widgets.Display.readAndDispatch(Display.java:3179)
	at com.mxdeploy.swt.MainShell.waitWhileRunning(MainShell.java:233)
	at com.mxdeploy.swt.MainShell.waitWhileRunning(MainShell.java:240)
	at com.mxdeploy.swt.MainShell.waitWhileRunning(MainShell.java:240)
	at com.mxdeploy.swt.MainShell.waitWhileRunning(MainShell.java:240)
	at com.mxdeploy.swt.MainShell.waitWhileRunning(MainShell.java:240)
	at com.mxdeploy.swt.MainShell.waitWhileRunning(MainShell.java:240)
	at sun.reflect.NativeMethodAccessorImpl.invoke0(Native Method)
	at sun.reflect.NativeMethodAccessorImpl.invoke(NativeMethodAccessorImpl.java:62)
	at sun.reflect.DelegatingMethodAccessorImpl.invoke(DelegatingMethodAccessorImpl.java:43)
	at java.lang.reflect.Method.invoke(Method.java:483)
	at com.mxdeploy.launcher.Launcher.start(Launcher.java:91)
	at com.mxdeploy.launcher.Launcher.main(Launcher.java:35)
ERROR SSH2StreamTX_session_0 com.mxterminal.ssh2.ConnectionSSH2 - ch. # 0 not present
ERROR SSH2StreamTX_session_0 com.mxterminal.ssh2.ConnectionSSH2 - ch. # 0 not present
ERROR SSH2StreamTX_session_0 com.mxterminal.ssh2.ConnectionSSH2 - ch. # 0 not present
ERROR SSH2StreamTX_session_0 com.mxterminal.ssh2.ConnectionSSH2 - ch. # 0 not present
ERROR SSH2StreamTX_session_0 com.mxterminal.ssh2.ConnectionSSH2 - ch. # 0 not present
ERROR SSH2StreamTX_session_0 com.mxterminal.ssh2.ConnectionSSH2 - ch. # 0 not present
ERROR SSH2StreamTX_session_0 com.mxterminal.ssh2.ConnectionSSH2 - ch. # 0 not present
ERROR SSH2StreamTX_session_0 com.mxterminal.ssh2.ConnectionSSH2 - ch. # 0 not present
ERROR SSH2StreamTX_session_0 com.mxterminal.ssh2.ConnectionSSH2 - ch. # 0 not present
ERROR SSH2StreamTX_session_0 com.mxterminal.ssh2.ConnectionSSH2 - ch. # 0 not present
ERROR SSH2StreamTX_session_0 com.mxterminal.ssh2.ConnectionSSH2 - ch. # 0 not present
ERROR SSH2StreamTX_session_0 com.mxterminal.ssh2.ConnectionSSH2 - ch. # 0 not present
ERROR SSH2StreamTX_session_0 com.mxterminal.ssh2.ConnectionSSH2 - ch. # 0 not present
ERROR SSH2StreamTX_session_0 com.mxterminal.ssh2.ConnectionSSH2 - ch. # 0 not present
ERROR SSH2StreamTX_session_0 com.mxterminal.ssh2.ConnectionSSH2 - ch. # 0 not present
ERROR SSH2StreamTX_session_0 com.mxterminal.ssh2.ConnectionSSH2 - ch. # 0 not present
ERROR main com.mxdeploy.swt.MainShell - 
java.lang.NullPointerException
	at com.mxterminal.swt.view.CTopTabFolder.getServerHelper(CTopTabFolder.java:161)
	at com.mxdeploy.swt.menu.event.FocusTerminalEventHandler.execute(FocusTerminalEventHandler.java:19)
	at com.mxdeploy.swt.menu.event.NewTerminalEventHandler.execute(NewTerminalEventHandler.java:44)
	at com.mxdeploy.swt.menu.MenuBarUtils$2.handleEvent(MenuBarUtils.java:106)
	at org.eclipse.swt.widgets.EventTable.sendEvent(EventTable.java:84)
	at org.eclipse.swt.widgets.Widget.sendEvent(Widget.java:1276)
	at org.eclipse.swt.widgets.Display.runDeferredEvents(Display.java:3554)
	at org.eclipse.swt.widgets.Display.readAndDispatch(Display.java:3179)
	at com.mxdeploy.swt.MainShell.waitWhileRunning(MainShell.java:233)
	at sun.reflect.NativeMethodAccessorImpl.invoke0(Native Method)
	at sun.reflect.NativeMethodAccessorImpl.invoke(NativeMethodAccessorImpl.java:62)
	at sun.reflect.DelegatingMethodAccessorImpl.invoke(DelegatingMethodAccessorImpl.java:43)
	at java.lang.reflect.Method.invoke(Method.java:483)
	at com.mxdeploy.launcher.Launcher.start(Launcher.java:93)
	at com.mxdeploy.launcher.Launcher.main(Launcher.java:35)
ERROR SSH2StreamTX_session_0 com.mxterminal.ssh2.ConnectionSSH2 - ch. # 0 not present
ERROR SSH2StreamTX_session_0 com.mxterminal.ssh2.ConnectionSSH2 - ch. # 0 not present
ERROR SSH2StreamTX_session_0 com.mxterminal.ssh2.ConnectionSSH2 - ch. # 0 not present
ERROR SSH2StreamTX_session_0 com.mxterminal.ssh2.ConnectionSSH2 - ch. # 0 not present
ERROR SSH2StreamTX_session_0 com.mxterminal.ssh2.ConnectionSSH2 - ch. # 0 not present
ERROR SSH2StreamTX_session_0 com.mxterminal.ssh2.ConnectionSSH2 - ch. # 0 not present
ERROR SSH2StreamTX_session_0 com.mxterminal.ssh2.ConnectionSSH2 - ch. # 0 not present
ERROR SSH2StreamTX_session_0 com.mxterminal.ssh2.ConnectionSSH2 - ch. # 0 not present
ERROR SSH2StreamTX_session_0 com.mxterminal.ssh2.ConnectionSSH2 - ch. # 0 not present
ERROR SSH2StreamTX_session_0 com.mxterminal.ssh2.ConnectionSSH2 - ch. # 0 not present
ERROR SSH2StreamTX_session_0 com.mxterminal.ssh2.ConnectionSSH2 - ch. # 0 not present
ERROR SSH2StreamTX_session_0 com.mxterminal.ssh2.ConnectionSSH2 - ch. # 0 not present
ERROR SSH2StreamTX_session_0 com.mxterminal.ssh2.ConnectionSSH2 - ch. # 0 not present
ERROR SSH2StreamTX_session_0 com.mxterminal.ssh2.ConnectionSSH2 - ch. # 0 not present
ERROR SSH2StreamTX_session_0 com.mxterminal.ssh2.ConnectionSSH2 - ch. # 0 not present
ERROR SSH2StreamTX_session_0 com.mxterminal.ssh2.ConnectionSSH2 - ch. # 0 not present
ERROR SSH2StreamTX_session_0 com.mxterminal.ssh2.ConnectionSSH2 - ch. # 0 not present
ERROR main com.mxdeploy.swt.MainShell - 
java.lang.NullPointerException
	at com.mxterminal.swt.view.helper.CommandHelper.enableRunBotton(CommandHelper.java:87)
	at com.mxterminal.swt.view.helper.CommandHelper.mouseUp(CommandHelper.java:81)
	at com.mxterminal.swt.view.CommandComposite$4.mouseUp(CommandComposite.java:158)
	at org.eclipse.swt.widgets.TypedListener.handleEvent(TypedListener.java:220)
	at org.eclipse.swt.widgets.EventTable.sendEvent(EventTable.java:84)
	at org.eclipse.swt.widgets.Widget.sendEvent(Widget.java:1276)
	at org.eclipse.swt.widgets.Display.runDeferredEvents(Display.java:3554)
	at org.eclipse.swt.widgets.Display.readAndDispatch(Display.java:3179)
	at com.mxdeploy.swt.MainShell.waitWhileRunning(MainShell.java:234)
	at sun.reflect.NativeMethodAccessorImpl.invoke0(Native Method)
	at sun.reflect.NativeMethodAccessorImpl.invoke(NativeMethodAccessorImpl.java:62)
	at sun.reflect.DelegatingMethodAccessorImpl.invoke(DelegatingMethodAccessorImpl.java:43)
	at java.lang.reflect.Method.invoke(Method.java:483)
	at com.mxdeploy.launcher.Launcher.start(Launcher.java:91)
	at com.mxdeploy.launcher.Launcher.main(Launcher.java:35)
ERROR main com.mxdeploy.swt.MainShell - 
java.lang.NullPointerException
	at com.mxterminal.swt.view.helper.CommandHelper.enableRunBotton(CommandHelper.java:87)
	at com.mxterminal.swt.view.helper.CommandHelper.mouseUp(CommandHelper.java:81)
	at com.mxterminal.swt.view.CommandComposite$4.mouseUp(CommandComposite.java:158)
	at org.eclipse.swt.widgets.TypedListener.handleEvent(TypedListener.java:220)
	at org.eclipse.swt.widgets.EventTable.sendEvent(EventTable.java:84)
	at org.eclipse.swt.widgets.Widget.sendEvent(Widget.java:1276)
	at org.eclipse.swt.widgets.Display.runDeferredEvents(Display.java:3554)
	at org.eclipse.swt.widgets.Display.readAndDispatch(Display.java:3179)
	at com.mxdeploy.swt.MainShell.waitWhileRunning(MainShell.java:234)
	at com.mxdeploy.swt.MainShell.waitWhileRunning(MainShell.java:241)
	at sun.reflect.NativeMethodAccessorImpl.invoke0(Native Method)
	at sun.reflect.NativeMethodAccessorImpl.invoke(NativeMethodAccessorImpl.java:62)
	at sun.reflect.DelegatingMethodAccessorImpl.invoke(DelegatingMethodAccessorImpl.java:43)
	at java.lang.reflect.Method.invoke(Method.java:483)
	at com.mxdeploy.launcher.Launcher.start(Launcher.java:91)
	at com.mxdeploy.launcher.Launcher.main(Launcher.java:35)
ERROR main com.mxdeploy.swt.MainShell - 
java.lang.NullPointerException
	at com.mxterminal.swt.view.helper.ToolBarViewHelper.executeCommandSelected(ToolBarViewHelper.java:985)
	at com.mxterminal.swt.view.helper.ToolBarViewHelper.run(ToolBarViewHelper.java:161)
	at com.mxterminal.swt.view.ToolBarViewComposite$5.widgetSelected(ToolBarViewComposite.java:175)
	at org.eclipse.swt.widgets.TypedListener.handleEvent(TypedListener.java:248)
	at org.eclipse.swt.widgets.EventTable.sendEvent(EventTable.java:84)
	at org.eclipse.swt.widgets.Widget.sendEvent(Widget.java:1276)
	at org.eclipse.swt.widgets.Display.runDeferredEvents(Display.java:3554)
	at org.eclipse.swt.widgets.Display.readAndDispatch(Display.java:3179)
	at com.mxdeploy.swt.MainShell.waitWhileRunning(MainShell.java:234)
	at sun.reflect.NativeMethodAccessorImpl.invoke0(Native Method)
	at sun.reflect.NativeMethodAccessorImpl.invoke(NativeMethodAccessorImpl.java:62)
	at sun.reflect.DelegatingMethodAccessorImpl.invoke(DelegatingMethodAccessorImpl.java:43)
	at java.lang.reflect.Method.invoke(Method.java:483)
	at com.mxdeploy.launcher.Launcher.start(Launcher.java:91)
	at com.mxdeploy.launcher.Launcher.main(Launcher.java:35)
ERROR SSH2StreamTX_session_0 com.mxterminal.ssh2.ConnectionSSH2 - ch. # 0 not present
ERROR SSH2StreamTX_session_0 com.mxterminal.ssh2.ConnectionSSH2 - ch. # 0 not present
ERROR SSH2StreamTX_session_0 com.mxterminal.ssh2.ConnectionSSH2 - ch. # 0 not present
ERROR main com.mxdeploy.swt.MainShell - 
java.lang.NullPointerException
	at com.mxdeploy.api.dao.ServerDAO.searchMatching(ServerDAO.java:257)
	at com.mxdeploy.api.service.ServerService.search(ServerService.java:56)
	at com.mxdeploy.swt.server.ServerEditHelper.save(ServerEditHelper.java:95)
	at com.mxdeploy.swt.server.ServerComposite$1.widgetSelected(ServerComposite.java:264)
	at org.eclipse.swt.widgets.TypedListener.handleEvent(TypedListener.java:248)
	at org.eclipse.swt.widgets.EventTable.sendEvent(EventTable.java:84)
	at org.eclipse.swt.widgets.Widget.sendEvent(Widget.java:1276)
	at org.eclipse.swt.widgets.Display.runDeferredEvents(Display.java:3554)
	at org.eclipse.swt.widgets.Display.readAndDispatch(Display.java:3179)
	at com.mxdeploy.swt.MainShell.waitWhileRunning(MainShell.java:236)
	at sun.reflect.NativeMethodAccessorImpl.invoke0(Native Method)
	at sun.reflect.NativeMethodAccessorImpl.invoke(NativeMethodAccessorImpl.java:62)
	at sun.reflect.DelegatingMethodAccessorImpl.invoke(DelegatingMethodAccessorImpl.java:43)
	at java.lang.reflect.Method.invoke(Method.java:483)
	at com.mxdeploy.launcher.Launcher.start(Launcher.java:91)
	at com.mxdeploy.launcher.Launcher.main(Launcher.java:35)
ERROR main com.mxdeploy.swt.MainShell - 
java.lang.NullPointerException
	at com.mxdeploy.api.dao.ServerDAO.searchMatching(ServerDAO.java:257)
	at com.mxdeploy.api.service.ServerService.search(ServerService.java:56)
	at com.mxdeploy.swt.server.ServerEditHelper.save(ServerEditHelper.java:95)
	at com.mxdeploy.swt.server.ServerComposite$1.widgetSelected(ServerComposite.java:264)
	at org.eclipse.swt.widgets.TypedListener.handleEvent(TypedListener.java:248)
	at org.eclipse.swt.widgets.EventTable.sendEvent(EventTable.java:84)
	at org.eclipse.swt.widgets.Widget.sendEvent(Widget.java:1276)
	at org.eclipse.swt.widgets.Display.runDeferredEvents(Display.java:3554)
	at org.eclipse.swt.widgets.Display.readAndDispatch(Display.java:3179)
	at com.mxdeploy.swt.MainShell.waitWhileRunning(MainShell.java:236)
	at com.mxdeploy.swt.MainShell.waitWhileRunning(MainShell.java:243)
	at sun.reflect.NativeMethodAccessorImpl.invoke0(Native Method)
	at sun.reflect.NativeMethodAccessorImpl.invoke(NativeMethodAccessorImpl.java:62)
	at sun.reflect.DelegatingMethodAccessorImpl.invoke(DelegatingMethodAccessorImpl.java:43)
	at java.lang.reflect.Method.invoke(Method.java:483)
	at com.mxdeploy.launcher.Launcher.start(Launcher.java:91)
	at com.mxdeploy.launcher.Launcher.main(Launcher.java:35)
ERROR main com.mxdeploy.swt.MainShell - 
java.lang.NullPointerException
	at com.mxdeploy.api.dao.ServerDAO.searchMatching(ServerDAO.java:257)
	at com.mxdeploy.api.service.ServerService.search(ServerService.java:56)
	at com.mxdeploy.swt.server.ServerEditHelper.save(ServerEditHelper.java:95)
	at com.mxdeploy.swt.server.ServerComposite$1.widgetSelected(ServerComposite.java:264)
	at org.eclipse.swt.widgets.TypedListener.handleEvent(TypedListener.java:248)
	at org.eclipse.swt.widgets.EventTable.sendEvent(EventTable.java:84)
	at org.eclipse.swt.widgets.Widget.sendEvent(Widget.java:1276)
	at org.eclipse.swt.widgets.Display.runDeferredEvents(Display.java:3554)
	at org.eclipse.swt.widgets.Display.readAndDispatch(Display.java:3179)
	at com.mxdeploy.swt.MainShell.waitWhileRunning(MainShell.java:236)
	at com.mxdeploy.swt.MainShell.waitWhileRunning(MainShell.java:243)
	at com.mxdeploy.swt.MainShell.waitWhileRunning(MainShell.java:243)
	at sun.reflect.NativeMethodAccessorImpl.invoke0(Native Method)
	at sun.reflect.NativeMethodAccessorImpl.invoke(NativeMethodAccessorImpl.java:62)
	at sun.reflect.DelegatingMethodAccessorImpl.invoke(DelegatingMethodAccessorImpl.java:43)
	at java.lang.reflect.Method.invoke(Method.java:483)
	at com.mxdeploy.launcher.Launcher.start(Launcher.java:91)
	at com.mxdeploy.launcher.Launcher.main(Launcher.java:35)
ERROR main com.mxdeploy.swt.MainShell - 
java.lang.NullPointerException
	at com.mxdeploy.swt.server.ServerComposite.createComposite1(ServerComposite.java:330)
	at com.mxdeploy.swt.server.ServerComposite.createCenterComposite(ServerComposite.java:220)
	at com.mxdeploy.swt.server.ServerComposite.initialize(ServerComposite.java:127)
	at com.mxdeploy.swt.server.ServerComposite.<init>(ServerComposite.java:85)
	at com.mxdeploy.swt.server.ServerEditDialog.createSShell(ServerEditDialog.java:40)
	at com.mxdeploy.swt.explorer.popup.event.NewServerEventHandler.execute(NewServerEventHandler.java:11)
	at com.mxdeploy.swt.explorer.WorkingSetComposite$6.handleEvent(WorkingSetComposite.java:411)
	at org.eclipse.swt.widgets.EventTable.sendEvent(EventTable.java:84)
	at org.eclipse.swt.widgets.Widget.sendEvent(Widget.java:1276)
	at org.eclipse.swt.widgets.Display.runDeferredEvents(Display.java:3554)
	at org.eclipse.swt.widgets.Display.readAndDispatch(Display.java:3179)
	at com.mxdeploy.swt.MainShell.waitWhileRunning(MainShell.java:236)
	at sun.reflect.NativeMethodAccessorImpl.invoke0(Native Method)
	at sun.reflect.NativeMethodAccessorImpl.invoke(NativeMethodAccessorImpl.java:62)
	at sun.reflect.DelegatingMethodAccessorImpl.invoke(DelegatingMethodAccessorImpl.java:43)
	at java.lang.reflect.Method.invoke(Method.java:483)
	at com.mxdeploy.launcher.Launcher.start(Launcher.java:91)
	at com.mxdeploy.launcher.Launcher.main(Launcher.java:35)
ERROR main com.mxdeploy.swt.MainShell - 
java.lang.NullPointerException
	at com.mxdeploy.swt.server.ServerEditHelper.save(ServerEditHelper.java:108)
	at com.mxdeploy.swt.server.ServerComposite$1.widgetSelected(ServerComposite.java:210)
	at org.eclipse.swt.widgets.TypedListener.handleEvent(TypedListener.java:248)
	at org.eclipse.swt.widgets.EventTable.sendEvent(EventTable.java:84)
	at org.eclipse.swt.widgets.Widget.sendEvent(Widget.java:1276)
	at org.eclipse.swt.widgets.Display.runDeferredEvents(Display.java:3554)
	at org.eclipse.swt.widgets.Display.readAndDispatch(Display.java:3179)
	at com.mxdeploy.swt.MainShell.waitWhileRunning(MainShell.java:236)
	at sun.reflect.NativeMethodAccessorImpl.invoke0(Native Method)
	at sun.reflect.NativeMethodAccessorImpl.invoke(NativeMethodAccessorImpl.java:62)
	at sun.reflect.DelegatingMethodAccessorImpl.invoke(DelegatingMethodAccessorImpl.java:43)
	at java.lang.reflect.Method.invoke(Method.java:483)
	at com.mxdeploy.launcher.Launcher.start(Launcher.java:91)
	at com.mxdeploy.launcher.Launcher.main(Launcher.java:35)
ERROR SSH2StreamTX_session_0 com.mxterminal.ssh2.ConnectionSSH2 - ch. # 0 not present
ERROR SSH2StreamTX_session_0 com.mxterminal.ssh2.ConnectionSSH2 - ch. # 0 not present
ERROR main com.mxdeploy.swt.MainShell - 
java.lang.NullPointerException
	at com.wds.Util.getCloneServer(Util.java:139)
	at com.mxdeploy.swt.workbook.WorkbookHelper.save(WorkbookHelper.java:82)
	at com.mxdeploy.swt.workbook.WorkbookComposite$3.widgetSelected(WorkbookComposite.java:264)
	at org.eclipse.swt.widgets.TypedListener.handleEvent(TypedListener.java:248)
	at org.eclipse.swt.widgets.EventTable.sendEvent(EventTable.java:84)
	at org.eclipse.swt.widgets.Widget.sendEvent(Widget.java:1276)
	at org.eclipse.swt.widgets.Display.runDeferredEvents(Display.java:3554)
	at org.eclipse.swt.widgets.Display.readAndDispatch(Display.java:3179)
	at com.mxdeploy.swt.MainShell.waitWhileRunning(MainShell.java:236)
	at sun.reflect.NativeMethodAccessorImpl.invoke0(Native Method)
	at sun.reflect.NativeMethodAccessorImpl.invoke(NativeMethodAccessorImpl.java:62)
	at sun.reflect.DelegatingMethodAccessorImpl.invoke(DelegatingMethodAccessorImpl.java:43)
	at java.lang.reflect.Method.invoke(Method.java:483)
	at com.mxdeploy.launcher.Launcher.start(Launcher.java:91)
	at com.mxdeploy.launcher.Launcher.main(Launcher.java:35)
ERROR SSH2StreamTX_session_0 com.mxterminal.ssh2.ConnectionSSH2 - ch. # 0 not present
ERROR SSH2StreamTX_session_0 com.mxterminal.ssh2.ConnectionSSH2 - ch. # 0 not present
ERROR SSH2StreamTX_session_0 com.mxterminal.ssh2.ConnectionSSH2 - ch. # 0 not present
ERROR SSH2StreamTX_session_0 com.mxterminal.ssh2.ConnectionSSH2 - ch. # 0 not present
ERROR SSH2StreamTX_session_0 com.mxterminal.ssh2.ConnectionSSH2 - ch. # 0 not present
